<?xml version="1.0" encoding="UTF-8"?>
<!-- Generated by org.testng.reporters.JUnitXMLReporter -->
<testsuite ignored="2" hostname="IdeaPad3-15IIL05" failures="0" tests="5" name="SalesAndOrders" time="17.371" errors="0" timestamp="2023-08-01T11:59:02 IST">
  <testcase classname="testcases.OpenCart" name="navigateToSales" time="2.106"/>
  <testcase classname="testcases.OpenCart" name="navigateToOrders" time="2.717"/>
  <testcase classname="testcases.OpenCart" name="checkingOrderCheckbox" time="4.147"/>
  <testcase classname="testcases.OpenCart" name="viewOrder" time="5.993"/>
  <testcase classname="testcases.OpenCart" name="closeBrowser" time="2.395"/>
  <testcase classname="testcases.OpenCart" name="launchBrowser" time="0.0">
    <ignored/>
  </testcase> <!-- launchBrowser -->
  <testcase classname="testcases.OpenCart" name="enterLoginDetails" time="0.0">
    <ignored/>
  </testcase> <!-- enterLoginDetails -->
</testsuite> <!-- SalesAndOrders -->
