<?xml version="1.0" encoding="UTF-8"?>
<testng-results ignored="0" total="3" passed="3" failed="0" skipped="0">
  <reporter-output>
  </reporter-output>
  <suite started-at="2023-08-23T14:59:54 IST" name="Suite" finished-at="2023-08-23T15:01:17 IST" duration-ms="83642">
    <groups>
    </groups>
    <test started-at="2023-08-23T14:59:54 IST" name="Test" finished-at="2023-08-23T15:00:27 IST" duration-ms="32971">
      <class name="testcases.LoginHandle">
        <test-method is-config="true" signature="openUrl()[pri:0, instance:testcases.LoginHandle@595b007d]" started-at="2023-08-23T14:59:54 IST" name="openUrl" finished-at="2023-08-23T15:00:00 IST" duration-ms="6004" status="PASS">
          <reporter-output>
          </reporter-output>
        </test-method> <!-- openUrl -->
        <test-method signature="login(java.lang.String,java.lang.String)[pri:0, instance:testcases.LoginHandle@595b007d]" started-at="2023-08-23T15:00:00 IST" name="login" data-provider="testData" finished-at="2023-08-23T15:00:10 IST" duration-ms="10703" status="PASS">
          <params>
            <param index="0">
              <value>
                <![CDATA[testuser_1]]>
              </value>
            </param>
            <param index="1">
              <value>
                <![CDATA[Test@123]]>
              </value>
            </param>
          </params>
          <reporter-output>
          </reporter-output>
        </test-method> <!-- login -->
        <test-method is-config="true" signature="closeBrowser()[pri:0, instance:testcases.LoginHandle@595b007d]" started-at="2023-08-23T15:00:10 IST" name="closeBrowser" finished-at="2023-08-23T15:00:11 IST" duration-ms="245" status="PASS">
          <reporter-output>
          </reporter-output>
        </test-method> <!-- closeBrowser -->
        <test-method is-config="true" signature="openUrl()[pri:0, instance:testcases.LoginHandle@595b007d]" started-at="2023-08-23T15:00:11 IST" name="openUrl" finished-at="2023-08-23T15:00:15 IST" duration-ms="4619" status="PASS">
          <reporter-output>
          </reporter-output>
        </test-method> <!-- openUrl -->
        <test-method signature="login(java.lang.String,java.lang.String)[pri:0, instance:testcases.LoginHandle@595b007d]" started-at="2023-08-23T15:00:15 IST" name="login" data-provider="testData" finished-at="2023-08-23T15:00:26 IST" duration-ms="10758" status="PASS">
          <params>
            <param index="0">
              <value>
                <![CDATA[testuser_1]]>
              </value>
            </param>
            <param index="1">
              <value>
                <![CDATA[Test@123]]>
              </value>
            </param>
          </params>
          <reporter-output>
          </reporter-output>
        </test-method> <!-- login -->
        <test-method is-config="true" signature="closeBrowser()[pri:0, instance:testcases.LoginHandle@595b007d]" started-at="2023-08-23T15:00:26 IST" name="closeBrowser" finished-at="2023-08-23T15:00:27 IST" duration-ms="578" status="PASS">
          <reporter-output>
          </reporter-output>
        </test-method> <!-- closeBrowser -->
      </class> <!-- testcases.LoginHandle -->
    </test> <!-- Test -->
    <test started-at="2023-08-23T15:00:27 IST" name="Test1" finished-at="2023-08-23T15:01:17 IST" duration-ms="50644">
      <class name="testcases.SignUpHandle">
        <test-method is-config="true" signature="openUrl()[pri:0, instance:testcases.SignUpHandle@76505305]" started-at="2023-08-23T15:00:27 IST" name="openUrl" finished-at="2023-08-23T15:00:31 IST" duration-ms="3789" status="PASS">
          <reporter-output>
          </reporter-output>
        </test-method> <!-- openUrl -->
        <test-method signature="signup()[pri:0, instance:testcases.SignUpHandle@76505305]" started-at="2023-08-23T15:00:31 IST" name="signup" finished-at="2023-08-23T15:01:17 IST" duration-ms="46442" status="PASS">
          <reporter-output>
          </reporter-output>
        </test-method> <!-- signup -->
        <test-method is-config="true" signature="closeBrowser()[pri:0, instance:testcases.SignUpHandle@76505305]" started-at="2023-08-23T15:01:17 IST" name="closeBrowser" finished-at="2023-08-23T15:01:17 IST" duration-ms="409" status="PASS">
          <reporter-output>
          </reporter-output>
        </test-method> <!-- closeBrowser -->
      </class> <!-- testcases.SignUpHandle -->
    </test> <!-- Test1 -->
  </suite> <!-- Suite -->
</testng-results>
