<?xml version="1.0" encoding="UTF-8"?>
<testng-results ignored="0" total="1" passed="1" failed="0" skipped="0">
  <reporter-output>
  </reporter-output>
  <suite started-at="2023-08-23T13:33:57 IST" name="Default suite" finished-at="2023-08-23T13:34:51 IST" duration-ms="54256">
    <groups>
    </groups>
    <test started-at="2023-08-23T13:33:57 IST" name="Default test" finished-at="2023-08-23T13:34:51 IST" duration-ms="54256">
      <class name="testcases.SignUpHandle">
        <test-method is-config="true" signature="openUrl()[pri:0, instance:testcases.SignUpHandle@5542c4ed]" started-at="2023-08-23T13:33:57 IST" name="openUrl" finished-at="2023-08-23T13:34:02 IST" duration-ms="5618" status="PASS">
          <reporter-output>
          </reporter-output>
        </test-method> <!-- openUrl -->
        <test-method signature="signup()[pri:0, instance:testcases.SignUpHandle@5542c4ed]" started-at="2023-08-23T13:34:02 IST" name="signup" finished-at="2023-08-23T13:34:51 IST" duration-ms="48280" status="PASS">
          <reporter-output>
          </reporter-output>
        </test-method> <!-- signup -->
        <test-method is-config="true" signature="closeBrowser()[pri:0, instance:testcases.SignUpHandle@5542c4ed]" started-at="2023-08-23T13:34:51 IST" name="closeBrowser" finished-at="2023-08-23T13:34:51 IST" duration-ms="305" status="PASS">
          <reporter-output>
          </reporter-output>
        </test-method> <!-- closeBrowser -->
      </class> <!-- testcases.SignUpHandle -->
    </test> <!-- Default test -->
  </suite> <!-- Default suite -->
</testng-results>
